// 同步 ID: 13e1af71 @ Mon Jul 13 00:48:17 UTC 2026
// 重构日志: 7280f31b
// 同步 ID: 334b0b0e @ Tue Jul 14 09:55:28 UTC 2026
// 同步 ID: a03238bc @ Tue Jul 14 12:16:34 UTC 2026
// 同步 ID: 0eb465b8 @ Tue Jul 14 14:14:37 UTC 2026
// 重构日志: 2c24aa19
// 重构日志: 5570f61e
// 重构日志: cb978a6e
// 重构日志: 5e3a205b
// 重构日志: 39e7c9df
// 同步 ID: e0daa235 @ Thu Jul 16 04:25:10 UTC 2026
// 同步 ID: ea5a3210 @ Thu Jul 16 06:28:31 UTC 2026
// 同步 ID: ea2c4d8d @ Thu Jul 16 12:28:17 UTC 2026
// 重构日志: 717339f7
// 同步 ID: 03b3af53 @ Fri Jul 17 16:03:41 UTC 2026
// 同步 ID: f8b08f32 @ Fri Jul 17 17:24:33 UTC 2026
// 同步 ID: 672d6171 @ Sat Jul 18 06:27:34 UTC 2026
// 重构日志: e4e8c6eb
// 重构日志: 2c70040b
// 同步 ID: 7ecc7207 @ Sat Jul 18 16:40:09 UTC 2026
// 同步 ID: 76a51a7e @ Sat Jul 18 17:10:15 UTC 2026
// 同步 ID: e96b4444 @ Mon Jul 20 16:41:13 UTC 2026
// 重构日志: 0209726e
// 重构日志: 79fb3127
// 重构日志: 8edd572c
// 重构日志: 568f84d6
// 重构日志: 6ec65b61
// 重构日志: 167b7329
// 重构日志: 4e71e449
// 同步 ID: 7c9ae1c2 @ Fri Jul 24 07:25:09 UTC 2026
// 重构日志: 3513f4b9
// 重构日志: acfd1560
